Launching a python run
Wed Feb 12 12:03:53 UTC 2025
MyoSuite:> Registering Myo Envs
2025-02-12 12:04:40.411233: I external/xla/xla/pjrt/pjrt_c_api_client.cc:130] PjRtCApiClient created.
2025-02-12 12:04:44.213140: I external/xla/xla/service/llvm_ir/llvm_command_line_options.cc:50] XLA (re)initializing LLVM with options fingerprint: 16728055663637508279
2025-02-12 12:12:29.210457: E external/xla/xla/service/slow_operation_alarm.cc:73] 
********************************
[Compiling module jit_generate_eval_unroll] Very slow compile? If you want to file a bug, run with envvar XLA_FLAGS=--xla_dump_to=/tmp/foo and attach the results.
********************************
2025-02-12 12:13:03.868360: E external/xla/xla/service/slow_operation_alarm.cc:140] The operation took 2m34.65801178s

********************************
[Compiling module jit_generate_eval_unroll] Very slow compile? If you want to file a bug, run with envvar XLA_FLAGS=--xla_dump_to=/tmp/foo and attach the results.
********************************
num steps: 0, eval/episode_reward: -53.752647399902344
num steps: 5038080, eval/episode_reward: -29.193422317504883
num steps: 10076160, eval/episode_reward: 628.0968017578125
num steps: 15114240, eval/episode_reward: 888.7642822265625
num steps: 20152320, eval/episode_reward: 931.354736328125
time to jit: 0:08:40.396292
time to train: 1:37:07.103470
time to jit: 0:51:55.766646
--Return--
> /nfs/nhome/live/jheald/myosuite/myosuite/envs/myo/mjx/ArmReach.py(403)main()->None
-> breakpoint()
(Pdb) 
Traceback (most recent call last):
  File "/nfs/nhome/live/jheald/myosuite/myosuite/envs/myo/mjx/ArmReach.py", line 406, in <module>
    main()
  File "/nfs/nhome/live/jheald/myosuite/myosuite/envs/myo/mjx/ArmReach.py", line 403, in main
    breakpoint()
  File "/nfs/nhome/live/jheald/.conda/envs/infosyn2/lib/python3.10/bdb.py", line 94, in trace_dispatch
    return self.dispatch_return(frame, arg)
  File "/nfs/nhome/live/jheald/.conda/envs/infosyn2/lib/python3.10/bdb.py", line 156, in dispatch_return
    if self.quitting: raise BdbQuit
bdb.BdbQuit
