Launching a python run
Wed Feb 12 00:48:13 UTC 2025
MyoSuite:> Registering Myo Envs
2025-02-12 00:48:49.312593: I external/xla/xla/pjrt/pjrt_c_api_client.cc:130] PjRtCApiClient created.
2025-02-12 00:48:53.559390: I external/xla/xla/service/llvm_ir/llvm_command_line_options.cc:50] XLA (re)initializing LLVM with options fingerprint: 15947725524040909381
2025-02-12 00:50:23.067118: I external/xla/xla/stream_executor/cuda/subprocess_compilation.cc:346] ptxas warning : Registers are spilled to local memory in function 'loop_compare_reduce_fusion', 8 bytes spill stores, 8 bytes spill loads
ptxas warning : Registers are spilled to local memory in function 'input_multiply_reduce_fusion_1', 260 bytes spill stores, 260 bytes spill loads
ptxas warning : Registers are spilled to local memory in function 'loop_subtract_fusion_6', 8 bytes spill stores, 8 bytes spill loads

2025-02-12 00:52:42.784011: I external/xla/xla/stream_executor/cuda/subprocess_compilation.cc:346] ptxas warning : Registers are spilled to local memory in function 'input_multiply_reduce_fusion_3', 260 bytes spill stores, 260 bytes spill loads

num steps: 0, eval/episode_reward: -34.3277702331543
2025-02-12 00:53:42.278208: I external/xla/xla/stream_executor/cuda/subprocess_compilation.cc:346] ptxas warning : Registers are spilled to local memory in function 'gemm_fusion_dot_492', 184 bytes spill stores, 180 bytes spill loads

2025-02-12 00:53:43.235254: I external/xla/xla/stream_executor/cuda/subprocess_compilation.cc:346] ptxas warning : Registers are spilled to local memory in function 'gemm_fusion_dot_492', 4 bytes spill stores, 4 bytes spill loads

2025-02-12 00:53:45.212027: I external/xla/xla/stream_executor/cuda/subprocess_compilation.cc:346] ptxas warning : Registers are spilled to local memory in function 'gemm_fusion_dot_492', 20 bytes spill stores, 20 bytes spill loads

2025-02-12 00:53:47.472498: I external/xla/xla/stream_executor/cuda/subprocess_compilation.cc:346] ptxas warning : Registers are spilled to local memory in function 'gemm_fusion_dot_493_0', 320 bytes spill stores, 308 bytes spill loads

2025-02-12 00:53:49.469621: I external/xla/xla/stream_executor/cuda/subprocess_compilation.cc:346] ptxas warning : Registers are spilled to local memory in function 'gemm_fusion_dot_493', 8 bytes spill stores, 8 bytes spill loads

2025-02-12 00:55:12.168451: I external/xla/xla/stream_executor/cuda/subprocess_compilation.cc:346] ptxas warning : Registers are spilled to local memory in function 'loop_compare_reduce_fusion', 8 bytes spill stores, 8 bytes spill loads
ptxas warning : Registers are spilled to local memory in function 'input_multiply_reduce_fusion_2', 260 bytes spill stores, 260 bytes spill loads
ptxas warning : Registers are spilled to local memory in function 'loop_subtract_fusion_8', 8 bytes spill stores, 8 bytes spill loads

num steps: 5038080, eval/episode_reward: 557.12451171875
num steps: 10076160, eval/episode_reward: 730.85986328125
num steps: 15114240, eval/episode_reward: 747.2144775390625
num steps: 20152320, eval/episode_reward: 752.138671875
time to jit: 0:04:02.990148
time to train: 2:58:46.607774
Traceback (most recent call last):
  File "/nfs/nhome/live/jheald/myosuite/myosuite/envs/myo/mjx/HandReach.py", line 353, in <module>
    main()
  File "/nfs/nhome/live/jheald/myosuite/myosuite/envs/myo/mjx/HandReach.py", line 338, in main
    rollout[key] = state.info[key]
KeyError: 'THtip'
